# JRE version: Java(TM) SE Runtime Environment (8.0_251-b08) (build 1.8.0_251-b08)
# Java VM: Java HotSpot(TM) 64-Bit Server VM (25.251-b08 mixed mode windows-amd64 compressed oops)
Heap:
 PSYoungGen      total 266752K, used 86323K [0x000000076b180000, 0x0000000782480000, 0x00000007c0000000)
  eden space 253440K, 34% used [0x000000076b180000,0x0000000770709ae8,0x000000077a900000)
  from space 13312K, 0% used [0x000000077a900000,0x000000077a900000,0x000000077b600000)
  to   space 12800K, 0% used [0x0000000781800000,0x0000000781800000,0x0000000782480000)
 ParOldGen       total 1041408K, used 966583K [0x00000006c1400000, 0x0000000700d00000, 0x000000076b180000)
  object space 1041408K, 92% used [0x00000006c1400000,0x00000006fc3eddb0,0x0000000700d00000)
 Metaspace       used 12455K, capacity 12676K, committed 12800K, reserved 1060864K
  class space    used 1444K, capacity 1526K, committed 1536K, reserved 1048576K
GC Heap History (10 events):
Event: 11.590 GC heap before
{Heap before GC invocations=14 (full 5):
 PSYoungGen      total 266752K, used 253440K [0x000000076b180000, 0x000000077d400000, 0x00000007c0000000)
  eden space 253440K, 100% used [0x000000076b180000,0x000000077a900000,0x000000077a900000)
  from space 13312K, 0% used [0x000000077b600000,0x000000077b600000,0x000000077c300000)
  to   space 13312K, 0% used [0x000000077a900000,0x000000077a900000,0x000000077b600000)
 ParOldGen       total 917504K, used 611278K [0x00000006c1400000, 0x00000006f9400000, 0x000000076b180000)
  object space 917504K, 66% used [0x00000006c1400000,0x00000006e68f3860,0x00000006f9400000)
 Metaspace       used 11218K, capacity 11408K, committed 11776K, reserved 1058816K
  class space    used 1339K, capacity 1416K, committed 1536K, reserved 1048576K
Event: 11.670 GC heap after
Heap after GC invocations=14 (full 5):
 PSYoungGen      total 266752K, used 288K [0x000000076b180000, 0x0000000782480000, 0x00000007c0000000)
  eden space 253440K, 0% used [0x000000076b180000,0x000000076b180000,0x000000077a900000)
  from space 13312K, 2% used [0x000000077a900000,0x000000077a948000,0x000000077b600000)
  to   space 12800K, 0% used [0x0000000781800000,0x0000000781800000,0x0000000782480000)
 ParOldGen       total 1041408K, used 979918K [0x00000006c1400000, 0x0000000700d00000, 0x000000076b180000)
  object space 1041408K, 94% used [0x00000006c1400000,0x00000006fd0f38c0,0x0000000700d00000)
 Metaspace       used 11218K, capacity 11408K, committed 11776K, reserved 1058816K
  class space    used 1339K, capacity 1416K, committed 1536K, reserved 1048576K
}
Event: 11.670 GC heap before
{Heap before GC invocations=15 (full 6):
 PSYoungGen      total 266752K, used 288K [0x000000076b180000, 0x0000000782480000, 0x00000007c0000000)
  eden space 253440K, 0% used [0x000000076b180000,0x000000076b180000,0x000000077a900000)
  from space 13312K, 2% used [0x000000077a900000,0x000000077a948000,0x000000077b600000)
  to   space 12800K, 0% used [0x0000000781800000,0x0000000781800000,0x0000000782480000)
 ParOldGen       total 1041408K, used 979918K [0x00000006c1400000, 0x0000000700d00000, 0x000000076b180000)
  object space 1041408K, 94% used [0x00000006c1400000,0x00000006fd0f38c0,0x0000000700d00000)
 Metaspace       used 11218K, capacity 11408K, committed 11776K, reserved 1058816K
  class space    used 1339K, capacity 1416K, committed 1536K, reserved 1048576K
Event: 11.702 GC heap after
Heap after GC invocations=15 (full 6):
 PSYoungGen      total 266752K, used 0K [0x000000076b180000, 0x0000000782480000, 0x00000007c0000000)
  eden space 253440K, 0% used [0x000000076b180000,0x000000076b180000,0x000000077a900000)
  from space 13312K, 0% used [0x000000077a900000,0x000000077a900000,0x000000077b600000)
  to   space 12800K, 0% used [0x0000000781800000,0x0000000781800000,0x0000000782480000)
 ParOldGen       total 1041408K, used 734158K [0x00000006c1400000, 0x0000000700d00000, 0x000000076b180000)
  object space 1041408K, 70% used [0x00000006c1400000,0x00000006ee0f3ac0,0x0000000700d00000)
 Metaspace       used 11218K, capacity 11408K, committed 11776K, reserved 1058816K
  class space    used 1339K, capacity 1416K, committed 1536K, reserved 1048576K
}
Event: 13.039 GC heap before
{Heap before GC invocations=16 (full 6):
 PSYoungGen      total 266752K, used 253440K [0x000000076b180000, 0x0000000782480000, 0x00000007c0000000)
  eden space 253440K, 100% used [0x000000076b180000,0x000000077a900000,0x000000077a900000)
  from space 13312K, 0% used [0x000000077a900000,0x000000077a900000,0x000000077b600000)
  to   space 12800K, 0% used [0x0000000781800000,0x0000000781800000,0x0000000782480000)
 ParOldGen       total 1041408K, used 734162K [0x00000006c1400000, 0x0000000700d00000, 0x000000076b180000)
  object space 1041408K, 70% used [0x00000006c1400000,0x00000006ee0f4ae0,0x0000000700d00000)
 Metaspace       used 11260K, capacity 11416K, committed 11776K, reserved 1058816K
  class space    used 1339K, capacity 1416K, committed 1536K, reserved 1048576K
Event: 13.095 GC heap after
Heap after GC invocations=16 (full 6):
 PSYoungGen      total 266752K, used 253440K [0x000000076b180000, 0x0000000782480000, 0x00000007c0000000)
  eden space 253440K, 100% used [0x000000076b180000,0x000000077a900000,0x000000077a900000)
  from space 13312K, 0% used [0x000000077a900000,0x000000077a900000,0x000000077b600000)
  to   space 12800K, 2% used [0x0000000781800000,0x0000000781840000,0x0000000782480000)
 ParOldGen       total 1041408K, used 1010650K [0x00000006c1400000, 0x0000000700d00000, 0x000000076b180000)
  object space 1041408K, 97% used [0x00000006c1400000,0x00000006feef6b50,0x0000000700d00000)
 Metaspace       used 11260K, capacity 11416K, committed 11776K, reserved 1058816K
  class space    used 1339K, capacity 1416K, committed 1536K, reserved 1048576K
}
Event: 13.095 GC heap before
{Heap before GC invocations=17 (full 7):
 PSYoungGen      total 266752K, used 253440K [0x000000076b180000, 0x0000000782480000, 0x00000007c0000000)
  eden space 253440K, 100% used [0x000000076b180000,0x000000077a900000,0x000000077a900000)
  from space 13312K, 0% used [0x000000077a900000,0x000000077a900000,0x000000077b600000)
  to   space 12800K, 2% used [0x0000000781800000,0x0000000781840000,0x0000000782480000)
 ParOldGen       total 1041408K, used 1010650K [0x00000006c1400000, 0x0000000700d00000, 0x000000076b180000)
  object space 1041408K, 97% used [0x00000006c1400000,0x00000006feef6b50,0x0000000700d00000)
 Metaspace       used 11260K, capacity 11416K, committed 11776K, reserved 1058816K
  class space    used 1339K, capacity 1416K, committed 1536K, reserved 1048576K
Event: 13.127 GC heap after
Heap after GC invocations=17 (full 7):
 PSYoungGen      total 266752K, used 0K [0x000000076b180000, 0x0000000782480000, 0x00000007c0000000)
  eden space 253440K, 0% used [0x000000076b180000,0x000000076b180000,0x000000077a900000)
  from space 13312K, 0% used [0x000000077a900000,0x000000077a900000,0x000000077b600000)
  to   space 12800K, 0% used [0x0000000781800000,0x0000000781800000,0x0000000782480000)
 ParOldGen       total 1041408K, used 857043K [0x00000006c1400000, 0x0000000700d00000, 0x000000076b180000)
  object space 1041408K, 82% used [0x00000006c1400000,0x00000006f58f4f18,0x0000000700d00000)
 Metaspace       used 11260K, capacity 11416K, committed 11776K, reserved 1058816K
  class space    used 1339K, capacity 1416K, committed 1536K, reserved 1048576K
}
Event: 14.717 GC heap before
{Heap before GC invocations=18 (full 8):
 PSYoungGen      total 266752K, used 253440K [0x000000076b180000, 0x0000000782480000, 0x00000007c0000000)
  eden space 253440K, 100% used [0x000000076b180000,0x000000077a900000,0x000000077a900000)
  from space 13312K, 0% used [0x000000077a900000,0x000000077a900000,0x000000077b600000)
  to   space 12800K, 0% used [0x0000000781800000,0x0000000781800000,0x0000000782480000)
 ParOldGen       total 1041408K, used 862217K [0x00000006c1400000, 0x0000000700d00000, 0x000000076b180000)
  object space 1041408K, 82% used [0x00000006c1400000,0x00000006f5e02688,0x0000000700d00000)
 Metaspace       used 11295K, capacity 11480K, committed 11776K, reserved 1058816K
  class space    used 1339K, capacity 1416K, committed 1536K, reserved 1048576K
Event: 14.841 GC heap after
Heap after GC invocations=18 (full 8):
 PSYoungGen      total 266752K, used 0K [0x000000076b180000, 0x0000000782480000, 0x00000007c0000000)
  eden space 253440K, 0% used [0x000000076b180000,0x000000076b180000,0x000000077a900000)
  from space 13312K, 0% used [0x000000077a900000,0x000000077a900000,0x000000077b600000)
  to   space 12800K, 0% used [0x0000000781800000,0x0000000781800000,0x0000000782480000)
 ParOldGen       total 1041408K, used 966583K [0x00000006c1400000, 0x0000000700d00000, 0x000000076b180000)
  object space 1041408K, 92% used [0x00000006c1400000,0x00000006fc3eddb0,0x0000000700d00000)
 Metaspace       used 11295K, capacity 11480K, committed 11776K, reserved 1058816K
  class space    used 1339K, capacity 1416K, committed 1536K, reserved 1048576K
}

